CRITICAL - 2023-07-08 03:34:34 --> Invalid file: "view/layout/header.php"
in SYSTEMPATH\Exceptions\FrameworkException.php on line 33.
 1 SYSTEMPATH\View\View.php(212): CodeIgniter\Exceptions\FrameworkException::forInvalidFile('view/layout/header.php')
 2 SYSTEMPATH\Common.php(1180): CodeIgniter\View\View->render('view/layout/header', [], true)
 3 APPPATH\Controllers\Pages1.php(9): view('view/layout/header')
 4 SYSTEMPATH\CodeIgniter.php(932): App\Controllers\Pages1->index()
 5 SYSTEMPATH\CodeIgniter.php(497): CodeIgniter\CodeIgniter->runController(Object(App\Controllers\Pages1))
 6 SYSTEMPATH\CodeIgniter.php(366): CodeIgniter\CodeIgniter->handleRequest(null, Object(Config\Cache), false)
 7 FCPATH\index.php(67): CodeIgniter\CodeIgniter->run()
 8 SYSTEMPATH\Commands\Server\rewrite.php(47): require_once('D:\\Programming\\php\\CI\\project\\first_project\\public\\index.php')
CRITICAL - 2023-07-08 03:48:04 --> Undefined variable $title
in APPPATH\Views\layout\header.php on line 7.
 1 APPPATH\Views\layout\header.php(7): CodeIgniter\Debug\Exceptions->errorHandler(2, 'Undefined variable $title', 'D:\\Programming\\php\\CI\\project\\first_project\\app\\Views\\layout\\header.php', 7)
 2 SYSTEMPATH\View\View.php(224): include('D:\\Programming\\php\\CI\\project\\first_project\\app\\Views\\layout\\header.php')
 3 SYSTEMPATH\View\View.php(227): CodeIgniter\View\View->CodeIgniter\View\{closure}()
 4 SYSTEMPATH\Common.php(1180): CodeIgniter\View\View->render('layout/header', [], true)
 5 APPPATH\Controllers\Pages1.php(21): view('layout/header')
 6 SYSTEMPATH\CodeIgniter.php(932): App\Controllers\Pages1->about()
 7 SYSTEMPATH\CodeIgniter.php(497): CodeIgniter\CodeIgniter->runController(Object(App\Controllers\Pages1))
 8 SYSTEMPATH\CodeIgniter.php(366): CodeIgniter\CodeIgniter->handleRequest(null, Object(Config\Cache), false)
 9 FCPATH\index.php(67): CodeIgniter\CodeIgniter->run()
10 SYSTEMPATH\Commands\Server\rewrite.php(47): require_once('D:\\Programming\\php\\CI\\project\\first_project\\public\\index.php')
CRITICAL - 2023-07-08 04:16:49 --> Undefined variable $title
in APPPATH\Views\layout\template.php on line 7.
 1 APPPATH\Views\layout\template.php(7): CodeIgniter\Debug\Exceptions->errorHandler(2, 'Undefined variable $title', 'D:\\Programming\\php\\CI\\project\\first_project\\app\\Views\\layout\\template.php', 7)
 2 SYSTEMPATH\View\View.php(224): include('D:\\Programming\\php\\CI\\project\\first_project\\app\\Views\\layout\\template.php')
 3 SYSTEMPATH\View\View.php(227): CodeIgniter\View\View->CodeIgniter\View\{closure}()
 4 SYSTEMPATH\View\View.php(240): CodeIgniter\View\View->render('layout/template', [], true)
 5 SYSTEMPATH\Common.php(1180): CodeIgniter\View\View->render('pages/contact', [], true)
 6 APPPATH\Controllers\Pages1.php(30): view('pages/contact', [...])
 7 SYSTEMPATH\CodeIgniter.php(932): App\Controllers\Pages1->contact()
 8 SYSTEMPATH\CodeIgniter.php(497): CodeIgniter\CodeIgniter->runController(Object(App\Controllers\Pages1))
 9 SYSTEMPATH\CodeIgniter.php(366): CodeIgniter\CodeIgniter->handleRequest(null, Object(Config\Cache), false)
10 FCPATH\index.php(67): CodeIgniter\CodeIgniter->run()
11 SYSTEMPATH\Commands\Server\rewrite.php(47): require_once('D:\\Programming\\php\\CI\\project\\first_project\\public\\index.php')
CRITICAL - 2023-07-08 04:17:33 --> Undefined variable $title
in APPPATH\Views\layout\template.php on line 7.
 1 APPPATH\Views\layout\template.php(7): CodeIgniter\Debug\Exceptions->errorHandler(2, 'Undefined variable $title', 'D:\\Programming\\php\\CI\\project\\first_project\\app\\Views\\layout\\template.php', 7)
 2 SYSTEMPATH\View\View.php(224): include('D:\\Programming\\php\\CI\\project\\first_project\\app\\Views\\layout\\template.php')
 3 SYSTEMPATH\View\View.php(227): CodeIgniter\View\View->CodeIgniter\View\{closure}()
 4 SYSTEMPATH\View\View.php(240): CodeIgniter\View\View->render('layout/template', [], true)
 5 SYSTEMPATH\Common.php(1180): CodeIgniter\View\View->render('pages/contact', [], true)
 6 APPPATH\Controllers\Pages1.php(30): view('pages/contact', [...])
 7 SYSTEMPATH\CodeIgniter.php(932): App\Controllers\Pages1->contact()
 8 SYSTEMPATH\CodeIgniter.php(497): CodeIgniter\CodeIgniter->runController(Object(App\Controllers\Pages1))
 9 SYSTEMPATH\CodeIgniter.php(366): CodeIgniter\CodeIgniter->handleRequest(null, Object(Config\Cache), false)
10 FCPATH\index.php(67): CodeIgniter\CodeIgniter->run()
11 SYSTEMPATH\Commands\Server\rewrite.php(47): require_once('D:\\Programming\\php\\CI\\project\\first_project\\public\\index.php')
CRITICAL - 2023-07-08 04:17:34 --> Undefined variable $title
in APPPATH\Views\layout\template.php on line 7.
 1 APPPATH\Views\layout\template.php(7): CodeIgniter\Debug\Exceptions->errorHandler(2, 'Undefined variable $title', 'D:\\Programming\\php\\CI\\project\\first_project\\app\\Views\\layout\\template.php', 7)
 2 SYSTEMPATH\View\View.php(224): include('D:\\Programming\\php\\CI\\project\\first_project\\app\\Views\\layout\\template.php')
 3 SYSTEMPATH\View\View.php(227): CodeIgniter\View\View->CodeIgniter\View\{closure}()
 4 SYSTEMPATH\View\View.php(240): CodeIgniter\View\View->render('layout/template', [], true)
 5 SYSTEMPATH\Common.php(1180): CodeIgniter\View\View->render('pages/contact', [], true)
 6 APPPATH\Controllers\Pages1.php(30): view('pages/contact', [...])
 7 SYSTEMPATH\CodeIgniter.php(932): App\Controllers\Pages1->contact()
 8 SYSTEMPATH\CodeIgniter.php(497): CodeIgniter\CodeIgniter->runController(Object(App\Controllers\Pages1))
 9 SYSTEMPATH\CodeIgniter.php(366): CodeIgniter\CodeIgniter->handleRequest(null, Object(Config\Cache), false)
10 FCPATH\index.php(67): CodeIgniter\CodeIgniter->run()
11 SYSTEMPATH\Commands\Server\rewrite.php(47): require_once('D:\\Programming\\php\\CI\\project\\first_project\\public\\index.php')
CRITICAL - 2023-07-08 09:40:32 --> Class "App\Controllers\KomikModel" not found
in APPPATH\Controllers\Komik.php on line 9.
 1 SYSTEMPATH\CodeIgniter.php(932): App\Controllers\Komik->index()
 2 SYSTEMPATH\CodeIgniter.php(497): CodeIgniter\CodeIgniter->runController(Object(App\Controllers\Komik))
 3 SYSTEMPATH\CodeIgniter.php(366): CodeIgniter\CodeIgniter->handleRequest(null, Object(Config\Cache), false)
 4 FCPATH\index.php(67): CodeIgniter\CodeIgniter->run()
 5 SYSTEMPATH\Commands\Server\rewrite.php(47): require_once('D:\\Programming\\php\\CI\\project\\first_project\\public\\index.php')
CRITICAL - 2023-07-08 09:50:17 --> Too few arguments to function App\Controllers\Komik::__construct(), 0 passed in D:\Programming\php\CI\project\first_project\system\CodeIgniter.php on line 904 and exactly 1 expected
in APPPATH\Controllers\Komik.php on line 10.
 1 SYSTEMPATH\CodeIgniter.php(904): App\Controllers\Komik->__construct()
 2 SYSTEMPATH\CodeIgniter.php(488): CodeIgniter\CodeIgniter->createController()
 3 SYSTEMPATH\CodeIgniter.php(366): CodeIgniter\CodeIgniter->handleRequest(null, Object(Config\Cache), false)
 4 FCPATH\index.php(67): CodeIgniter\CodeIgniter->run()
 5 SYSTEMPATH\Commands\Server\rewrite.php(47): require_once('D:\\Programming\\php\\CI\\project\\first_project\\public\\index.php')
CRITICAL - 2023-07-08 10:17:22 --> Undefined variable $title
in APPPATH\Views\layout\template.php on line 7.
 1 APPPATH\Views\layout\template.php(7): CodeIgniter\Debug\Exceptions->errorHandler(2, 'Undefined variable $title', 'D:\\Programming\\php\\CI\\project\\first_project\\app\\Views\\layout\\template.php', 7)
 2 SYSTEMPATH\View\View.php(224): include('D:\\Programming\\php\\CI\\project\\first_project\\app\\Views\\layout\\template.php')
 3 SYSTEMPATH\View\View.php(227): CodeIgniter\View\View->CodeIgniter\View\{closure}()
 4 SYSTEMPATH\View\View.php(240): CodeIgniter\View\View->render('layout/template', [], true)
 5 SYSTEMPATH\Common.php(1180): CodeIgniter\View\View->render('/komik/detail', [], true)
 6 APPPATH\Controllers\Komik.php(30): view('/komik/detail', [...])
 7 SYSTEMPATH\CodeIgniter.php(932): App\Controllers\Komik->detail('naruto')
 8 SYSTEMPATH\CodeIgniter.php(497): CodeIgniter\CodeIgniter->runController(Object(App\Controllers\Komik))
 9 SYSTEMPATH\CodeIgniter.php(366): CodeIgniter\CodeIgniter->handleRequest(null, Object(Config\Cache), false)
10 FCPATH\index.php(67): CodeIgniter\CodeIgniter->run()
11 SYSTEMPATH\Commands\Server\rewrite.php(47): require_once('D:\\Programming\\php\\CI\\project\\first_project\\public\\index.php')
CRITICAL - 2023-07-08 10:24:22 --> Undefined variable $title
in APPPATH\Views\layout\template.php on line 7.
 1 APPPATH\Views\layout\template.php(7): CodeIgniter\Debug\Exceptions->errorHandler(2, 'Undefined variable $title', 'D:\\Programming\\php\\CI\\project\\first_project\\app\\Views\\layout\\template.php', 7)
 2 SYSTEMPATH\View\View.php(224): include('D:\\Programming\\php\\CI\\project\\first_project\\app\\Views\\layout\\template.php')
 3 SYSTEMPATH\View\View.php(227): CodeIgniter\View\View->CodeIgniter\View\{closure}()
 4 SYSTEMPATH\View\View.php(240): CodeIgniter\View\View->render('layout/template', [], true)
 5 SYSTEMPATH\Common.php(1180): CodeIgniter\View\View->render('/komik/detail', [], true)
 6 APPPATH\Controllers\Komik.php(30): view('/komik/detail', [...])
 7 SYSTEMPATH\CodeIgniter.php(932): App\Controllers\Komik->detail('naruto')
 8 SYSTEMPATH\CodeIgniter.php(497): CodeIgniter\CodeIgniter->runController(Object(App\Controllers\Komik))
 9 SYSTEMPATH\CodeIgniter.php(366): CodeIgniter\CodeIgniter->handleRequest(null, Object(Config\Cache), false)
10 FCPATH\index.php(67): CodeIgniter\CodeIgniter->run()
11 SYSTEMPATH\Commands\Server\rewrite.php(47): require_once('D:\\Programming\\php\\CI\\project\\first_project\\public\\index.php')
