CRITICAL - 2023-06-27 14:52:16 --> The framework needs the following extension(s) installed and loaded: intl.
in SYSTEMPATH\CodeIgniter.php on line 226.
 1 SYSTEMPATH\CodeIgniter.php(226): CodeIgniter\Exceptions\FrameworkException::forMissingExtension('intl')
 2 SYSTEMPATH\CodeIgniter.php(190): CodeIgniter\CodeIgniter->resolvePlatformExtensions()
 3 ROOTPATH\spark(83): CodeIgniter\CodeIgniter->initialize()
CRITICAL - 2023-06-27 14:57:15 --> syntax error, unexpected token "}", expecting ";"
in APPPATH\Controllers\Pages.php on line 24.
 1 SYSTEMPATH\Autoloader\Autoloader.php(289): CodeIgniter\Autoloader\Autoloader->includeFile('D:\\Programming\\php\\CI\\project\\first_project\\app\\Controllers\\Pages.php')
 2 SYSTEMPATH\Autoloader\Autoloader.php(267): CodeIgniter\Autoloader\Autoloader->loadInNamespace('App\\Controllers\\Pages')
 3 [internal function]: CodeIgniter\Autoloader\Autoloader->loadClass('App\\Controllers\\Pages')
 4 SYSTEMPATH\CodeIgniter.php(890): class_exists('\\App\\Controllers\\Pages', true)
 5 SYSTEMPATH\CodeIgniter.php(484): CodeIgniter\CodeIgniter->startController()
 6 SYSTEMPATH\CodeIgniter.php(366): CodeIgniter\CodeIgniter->handleRequest(null, Object(Config\Cache), false)
 7 FCPATH\index.php(67): CodeIgniter\CodeIgniter->run()
 8 SYSTEMPATH\Commands\Server\rewrite.php(47): require_once('D:\\Programming\\php\\CI\\project\\first_project\\public\\index.php')
CRITICAL - 2023-06-27 14:57:17 --> syntax error, unexpected token "}", expecting ";"
in APPPATH\Controllers\Pages.php on line 24.
 1 SYSTEMPATH\Autoloader\Autoloader.php(289): CodeIgniter\Autoloader\Autoloader->includeFile('D:\\Programming\\php\\CI\\project\\first_project\\app\\Controllers\\Pages.php')
 2 SYSTEMPATH\Autoloader\Autoloader.php(267): CodeIgniter\Autoloader\Autoloader->loadInNamespace('App\\Controllers\\Pages')
 3 [internal function]: CodeIgniter\Autoloader\Autoloader->loadClass('App\\Controllers\\Pages')
 4 SYSTEMPATH\CodeIgniter.php(890): class_exists('\\App\\Controllers\\Pages', true)
 5 SYSTEMPATH\CodeIgniter.php(484): CodeIgniter\CodeIgniter->startController()
 6 SYSTEMPATH\CodeIgniter.php(366): CodeIgniter\CodeIgniter->handleRequest(null, Object(Config\Cache), false)
 7 FCPATH\index.php(67): CodeIgniter\CodeIgniter->run()
 8 SYSTEMPATH\Commands\Server\rewrite.php(47): require_once('D:\\Programming\\php\\CI\\project\\first_project\\public\\index.php')
CRITICAL - 2023-06-27 14:57:17 --> syntax error, unexpected token "}", expecting ";"
in APPPATH\Controllers\Pages.php on line 24.
 1 SYSTEMPATH\Autoloader\Autoloader.php(289): CodeIgniter\Autoloader\Autoloader->includeFile('D:\\Programming\\php\\CI\\project\\first_project\\app\\Controllers\\Pages.php')
 2 SYSTEMPATH\Autoloader\Autoloader.php(267): CodeIgniter\Autoloader\Autoloader->loadInNamespace('App\\Controllers\\Pages')
 3 [internal function]: CodeIgniter\Autoloader\Autoloader->loadClass('App\\Controllers\\Pages')
 4 SYSTEMPATH\CodeIgniter.php(890): class_exists('\\App\\Controllers\\Pages', true)
 5 SYSTEMPATH\CodeIgniter.php(484): CodeIgniter\CodeIgniter->startController()
 6 SYSTEMPATH\CodeIgniter.php(366): CodeIgniter\CodeIgniter->handleRequest(null, Object(Config\Cache), false)
 7 FCPATH\index.php(67): CodeIgniter\CodeIgniter->run()
 8 SYSTEMPATH\Commands\Server\rewrite.php(47): require_once('D:\\Programming\\php\\CI\\project\\first_project\\public\\index.php')
CRITICAL - 2023-06-27 15:00:07 --> Invalid file: "pages/.php"
in SYSTEMPATH\Exceptions\FrameworkException.php on line 33.
 1 SYSTEMPATH\View\View.php(212): CodeIgniter\Exceptions\FrameworkException::forInvalidFile('pages/.php')
 2 SYSTEMPATH\Common.php(1180): CodeIgniter\View\View->render('pages/', [], true)
 3 APPPATH\Controllers\Pages.php(22): view('pages/')
 4 SYSTEMPATH\CodeIgniter.php(932): App\Controllers\Pages->view('home')
 5 SYSTEMPATH\CodeIgniter.php(497): CodeIgniter\CodeIgniter->runController(Object(App\Controllers\Pages))
 6 SYSTEMPATH\CodeIgniter.php(366): CodeIgniter\CodeIgniter->handleRequest(null, Object(Config\Cache), false)
 7 FCPATH\index.php(67): CodeIgniter\CodeIgniter->run()
 8 SYSTEMPATH\Commands\Server\rewrite.php(47): require_once('D:\\Programming\\php\\CI\\project\\first_project\\public\\index.php')
CRITICAL - 2023-06-27 15:00:26 --> Invalid file: "pages/.php"
in SYSTEMPATH\Exceptions\FrameworkException.php on line 33.
 1 SYSTEMPATH\View\View.php(212): CodeIgniter\Exceptions\FrameworkException::forInvalidFile('pages/.php')
 2 SYSTEMPATH\Common.php(1180): CodeIgniter\View\View->render('pages/', [], true)
 3 APPPATH\Controllers\Pages.php(22): view('pages/')
 4 SYSTEMPATH\CodeIgniter.php(932): App\Controllers\Pages->view('home')
 5 SYSTEMPATH\CodeIgniter.php(497): CodeIgniter\CodeIgniter->runController(Object(App\Controllers\Pages))
 6 SYSTEMPATH\CodeIgniter.php(366): CodeIgniter\CodeIgniter->handleRequest(null, Object(Config\Cache), false)
 7 FCPATH\index.php(67): CodeIgniter\CodeIgniter->run()
 8 SYSTEMPATH\Commands\Server\rewrite.php(47): require_once('D:\\Programming\\php\\CI\\project\\first_project\\public\\index.php')
CRITICAL - 2023-06-27 15:25:45 --> Invalid file: "pages/aboput.php"
in SYSTEMPATH\Exceptions\FrameworkException.php on line 33.
 1 SYSTEMPATH\View\View.php(212): CodeIgniter\Exceptions\FrameworkException::forInvalidFile('pages/aboput.php')
 2 SYSTEMPATH\Common.php(1180): CodeIgniter\View\View->render('pages/aboput', [], true)
 3 APPPATH\Controllers\Pages.php(22): view('pages/aboput')
 4 SYSTEMPATH\CodeIgniter.php(932): App\Controllers\Pages->view('aboput')
 5 SYSTEMPATH\CodeIgniter.php(497): CodeIgniter\CodeIgniter->runController(Object(App\Controllers\Pages))
 6 SYSTEMPATH\CodeIgniter.php(366): CodeIgniter\CodeIgniter->handleRequest(null, Object(Config\Cache), false)
 7 FCPATH\index.php(67): CodeIgniter\CodeIgniter->run()
 8 SYSTEMPATH\Commands\Server\rewrite.php(47): require_once('D:\\Programming\\php\\CI\\project\\first_project\\public\\index.php')
CRITICAL - 2023-06-27 15:26:42 --> Invalid file: "pages/.php"
in SYSTEMPATH\Exceptions\FrameworkException.php on line 33.
 1 SYSTEMPATH\View\View.php(212): CodeIgniter\Exceptions\FrameworkException::forInvalidFile('pages/.php')
 2 SYSTEMPATH\Common.php(1180): CodeIgniter\View\View->render('pages/', [], true)
 3 APPPATH\Controllers\Pages.php(22): view('pages/')
 4 SYSTEMPATH\CodeIgniter.php(932): App\Controllers\Pages->view('about')
 5 SYSTEMPATH\CodeIgniter.php(497): CodeIgniter\CodeIgniter->runController(Object(App\Controllers\Pages))
 6 SYSTEMPATH\CodeIgniter.php(366): CodeIgniter\CodeIgniter->handleRequest(null, Object(Config\Cache), false)
 7 FCPATH\index.php(67): CodeIgniter\CodeIgniter->run()
 8 SYSTEMPATH\Commands\Server\rewrite.php(47): require_once('D:\\Programming\\php\\CI\\project\\first_project\\public\\index.php')
CRITICAL - 2023-06-27 15:44:19 --> Invalid file: "pages/test.php"
in SYSTEMPATH\Exceptions\FrameworkException.php on line 33.
 1 SYSTEMPATH\View\View.php(212): CodeIgniter\Exceptions\FrameworkException::forInvalidFile('pages/test.php')
 2 SYSTEMPATH\Common.php(1180): CodeIgniter\View\View->render('pages/test', [], true)
 3 APPPATH\Controllers\Pages.php(22): view('pages/test')
 4 SYSTEMPATH\CodeIgniter.php(932): App\Controllers\Pages->view('test')
 5 SYSTEMPATH\CodeIgniter.php(497): CodeIgniter\CodeIgniter->runController(Object(App\Controllers\Pages))
 6 SYSTEMPATH\CodeIgniter.php(366): CodeIgniter\CodeIgniter->handleRequest(null, Object(Config\Cache), false)
 7 FCPATH\index.php(67): CodeIgniter\CodeIgniter->run()
 8 SYSTEMPATH\Commands\Server\rewrite.php(47): require_once('D:\\Programming\\php\\CI\\project\\first_project\\public\\index.php')
CRITICAL - 2023-06-27 15:44:33 --> Invalid file: "pages/test.php"
in SYSTEMPATH\Exceptions\FrameworkException.php on line 33.
 1 SYSTEMPATH\View\View.php(212): CodeIgniter\Exceptions\FrameworkException::forInvalidFile('pages/test.php')
 2 SYSTEMPATH\Common.php(1180): CodeIgniter\View\View->render('pages/test', [], true)
 3 APPPATH\Controllers\Pages.php(22): view('pages/test')
 4 SYSTEMPATH\CodeIgniter.php(932): App\Controllers\Pages->view('test')
 5 SYSTEMPATH\CodeIgniter.php(497): CodeIgniter\CodeIgniter->runController(Object(App\Controllers\Pages))
 6 SYSTEMPATH\CodeIgniter.php(366): CodeIgniter\CodeIgniter->handleRequest(null, Object(Config\Cache), false)
 7 FCPATH\index.php(67): CodeIgniter\CodeIgniter->run()
 8 SYSTEMPATH\Commands\Server\rewrite.php(47): require_once('D:\\Programming\\php\\CI\\project\\first_project\\public\\index.php')
CRITICAL - 2023-06-27 15:44:38 --> Invalid file: "pages/test.php"
in SYSTEMPATH\Exceptions\FrameworkException.php on line 33.
 1 SYSTEMPATH\View\View.php(212): CodeIgniter\Exceptions\FrameworkException::forInvalidFile('pages/test.php')
 2 SYSTEMPATH\Common.php(1180): CodeIgniter\View\View->render('pages/test', [], true)
 3 APPPATH\Controllers\Pages.php(22): view('pages/test')
 4 SYSTEMPATH\CodeIgniter.php(932): App\Controllers\Pages->view('test')
 5 SYSTEMPATH\CodeIgniter.php(497): CodeIgniter\CodeIgniter->runController(Object(App\Controllers\Pages))
 6 SYSTEMPATH\CodeIgniter.php(366): CodeIgniter\CodeIgniter->handleRequest(null, Object(Config\Cache), false)
 7 FCPATH\index.php(67): CodeIgniter\CodeIgniter->run()
 8 SYSTEMPATH\Commands\Server\rewrite.php(47): require_once('D:\\Programming\\php\\CI\\project\\first_project\\public\\index.php')
CRITICAL - 2023-06-27 15:45:35 --> Invalid file: "pages/test.php"
in SYSTEMPATH\Exceptions\FrameworkException.php on line 33.
 1 SYSTEMPATH\View\View.php(212): CodeIgniter\Exceptions\FrameworkException::forInvalidFile('pages/test.php')
 2 SYSTEMPATH\Common.php(1180): CodeIgniter\View\View->render('pages/test', [], true)
 3 APPPATH\Controllers\Pages.php(22): view('pages/test')
 4 SYSTEMPATH\CodeIgniter.php(932): App\Controllers\Pages->view('test')
 5 SYSTEMPATH\CodeIgniter.php(497): CodeIgniter\CodeIgniter->runController(Object(App\Controllers\Pages))
 6 SYSTEMPATH\CodeIgniter.php(366): CodeIgniter\CodeIgniter->handleRequest(null, Object(Config\Cache), false)
 7 FCPATH\index.php(67): CodeIgniter\CodeIgniter->run()
 8 SYSTEMPATH\Commands\Server\rewrite.php(47): require_once('D:\\Programming\\php\\CI\\project\\first_project\\public\\index.php')
CRITICAL - 2023-06-27 15:45:46 --> Invalid file: "pages/test.php"
in SYSTEMPATH\Exceptions\FrameworkException.php on line 33.
 1 SYSTEMPATH\View\View.php(212): CodeIgniter\Exceptions\FrameworkException::forInvalidFile('pages/test.php')
 2 SYSTEMPATH\Common.php(1180): CodeIgniter\View\View->render('pages/test', [], true)
 3 APPPATH\Controllers\Pages.php(22): view('pages/test')
 4 SYSTEMPATH\CodeIgniter.php(932): App\Controllers\Pages->view('test')
 5 SYSTEMPATH\CodeIgniter.php(497): CodeIgniter\CodeIgniter->runController(Object(App\Controllers\Pages))
 6 SYSTEMPATH\CodeIgniter.php(366): CodeIgniter\CodeIgniter->handleRequest(null, Object(Config\Cache), false)
 7 FCPATH\index.php(67): CodeIgniter\CodeIgniter->run()
 8 SYSTEMPATH\Commands\Server\rewrite.php(47): require_once('D:\\Programming\\php\\CI\\project\\first_project\\public\\index.php')
CRITICAL - 2023-06-27 15:45:59 --> Invalid file: "pages/test.php"
in SYSTEMPATH\Exceptions\FrameworkException.php on line 33.
 1 SYSTEMPATH\View\View.php(212): CodeIgniter\Exceptions\FrameworkException::forInvalidFile('pages/test.php')
 2 SYSTEMPATH\Common.php(1180): CodeIgniter\View\View->render('pages/test', [], true)
 3 APPPATH\Controllers\Pages.php(22): view('pages/test')
 4 SYSTEMPATH\CodeIgniter.php(932): App\Controllers\Pages->view('test')
 5 SYSTEMPATH\CodeIgniter.php(497): CodeIgniter\CodeIgniter->runController(Object(App\Controllers\Pages))
 6 SYSTEMPATH\CodeIgniter.php(366): CodeIgniter\CodeIgniter->handleRequest(null, Object(Config\Cache), false)
 7 FCPATH\index.php(67): CodeIgniter\CodeIgniter->run()
 8 SYSTEMPATH\Commands\Server\rewrite.php(47): require_once('D:\\Programming\\php\\CI\\project\\first_project\\public\\index.php')
CRITICAL - 2023-06-27 15:47:02 --> Invalid file: "pages/test.php"
in SYSTEMPATH\Exceptions\FrameworkException.php on line 33.
 1 SYSTEMPATH\View\View.php(212): CodeIgniter\Exceptions\FrameworkException::forInvalidFile('pages/test.php')
 2 SYSTEMPATH\Common.php(1180): CodeIgniter\View\View->render('pages/test', [], true)
 3 APPPATH\Controllers\Pages.php(22): view('pages/test')
 4 SYSTEMPATH\CodeIgniter.php(932): App\Controllers\Pages->view('test')
 5 SYSTEMPATH\CodeIgniter.php(497): CodeIgniter\CodeIgniter->runController(Object(App\Controllers\Pages))
 6 SYSTEMPATH\CodeIgniter.php(366): CodeIgniter\CodeIgniter->handleRequest(null, Object(Config\Cache), false)
 7 FCPATH\index.php(67): CodeIgniter\CodeIgniter->run()
 8 SYSTEMPATH\Commands\Server\rewrite.php(47): require_once('D:\\Programming\\php\\CI\\project\\first_project\\public\\index.php')
CRITICAL - 2023-06-27 15:47:54 --> Invalid file: "pages/test.php"
in SYSTEMPATH\Exceptions\FrameworkException.php on line 33.
 1 SYSTEMPATH\View\View.php(212): CodeIgniter\Exceptions\FrameworkException::forInvalidFile('pages/test.php')
 2 SYSTEMPATH\Common.php(1180): CodeIgniter\View\View->render('pages/test', [], true)
 3 APPPATH\Controllers\Pages.php(22): view('pages/test')
 4 SYSTEMPATH\CodeIgniter.php(932): App\Controllers\Pages->view('test')
 5 SYSTEMPATH\CodeIgniter.php(497): CodeIgniter\CodeIgniter->runController(Object(App\Controllers\Pages))
 6 SYSTEMPATH\CodeIgniter.php(366): CodeIgniter\CodeIgniter->handleRequest(null, Object(Config\Cache), false)
 7 FCPATH\index.php(67): CodeIgniter\CodeIgniter->run()
 8 SYSTEMPATH\Commands\Server\rewrite.php(47): require_once('D:\\Programming\\php\\CI\\project\\first_project\\public\\index.php')
CRITICAL - 2023-06-27 15:48:23 --> Invalid file: "pages/test.php"
in SYSTEMPATH\Exceptions\FrameworkException.php on line 33.
 1 SYSTEMPATH\View\View.php(212): CodeIgniter\Exceptions\FrameworkException::forInvalidFile('pages/test.php')
 2 SYSTEMPATH\Common.php(1180): CodeIgniter\View\View->render('pages/test', [], true)
 3 APPPATH\Controllers\Pages.php(22): view('pages/test')
 4 SYSTEMPATH\CodeIgniter.php(932): App\Controllers\Pages->view('test')
 5 SYSTEMPATH\CodeIgniter.php(497): CodeIgniter\CodeIgniter->runController(Object(App\Controllers\Pages))
 6 SYSTEMPATH\CodeIgniter.php(366): CodeIgniter\CodeIgniter->handleRequest(null, Object(Config\Cache), false)
 7 FCPATH\index.php(67): CodeIgniter\CodeIgniter->run()
 8 SYSTEMPATH\Commands\Server\rewrite.php(47): require_once('D:\\Programming\\php\\CI\\project\\first_project\\public\\index.php')
CRITICAL - 2023-06-27 15:48:33 --> Invalid file: "pages/test.php"
in SYSTEMPATH\Exceptions\FrameworkException.php on line 33.
 1 SYSTEMPATH\View\View.php(212): CodeIgniter\Exceptions\FrameworkException::forInvalidFile('pages/test.php')
 2 SYSTEMPATH\Common.php(1180): CodeIgniter\View\View->render('pages/test', [], true)
 3 APPPATH\Controllers\Pages.php(22): view('pages/test')
 4 SYSTEMPATH\CodeIgniter.php(932): App\Controllers\Pages->view('test')
 5 SYSTEMPATH\CodeIgniter.php(497): CodeIgniter\CodeIgniter->runController(Object(App\Controllers\Pages))
 6 SYSTEMPATH\CodeIgniter.php(366): CodeIgniter\CodeIgniter->handleRequest(null, Object(Config\Cache), false)
 7 FCPATH\index.php(67): CodeIgniter\CodeIgniter->run()
 8 SYSTEMPATH\Commands\Server\rewrite.php(47): require_once('D:\\Programming\\php\\CI\\project\\first_project\\public\\index.php')
CRITICAL - 2023-06-27 15:49:43 --> Invalid file: "pages/test.php"
in SYSTEMPATH\Exceptions\FrameworkException.php on line 33.
 1 SYSTEMPATH\View\View.php(212): CodeIgniter\Exceptions\FrameworkException::forInvalidFile('pages/test.php')
 2 SYSTEMPATH\Common.php(1180): CodeIgniter\View\View->render('pages/test', [], true)
 3 APPPATH\Controllers\Pages.php(22): view('pages/test')
 4 SYSTEMPATH\CodeIgniter.php(932): App\Controllers\Pages->view('test')
 5 SYSTEMPATH\CodeIgniter.php(497): CodeIgniter\CodeIgniter->runController(Object(App\Controllers\Pages))
 6 SYSTEMPATH\CodeIgniter.php(366): CodeIgniter\CodeIgniter->handleRequest(null, Object(Config\Cache), false)
 7 FCPATH\index.php(67): CodeIgniter\CodeIgniter->run()
 8 SYSTEMPATH\Commands\Server\rewrite.php(47): require_once('D:\\Programming\\php\\CI\\project\\first_project\\public\\index.php')
CRITICAL - 2023-06-27 15:51:10 --> Invalid file: "pages/test.php"
in SYSTEMPATH\Exceptions\FrameworkException.php on line 33.
 1 SYSTEMPATH\View\View.php(212): CodeIgniter\Exceptions\FrameworkException::forInvalidFile('pages/test.php')
 2 SYSTEMPATH\Common.php(1180): CodeIgniter\View\View->render('pages/test', [], true)
 3 APPPATH\Controllers\Pages.php(22): view('pages/test')
 4 SYSTEMPATH\CodeIgniter.php(932): App\Controllers\Pages->view('test')
 5 SYSTEMPATH\CodeIgniter.php(497): CodeIgniter\CodeIgniter->runController(Object(App\Controllers\Pages))
 6 SYSTEMPATH\CodeIgniter.php(366): CodeIgniter\CodeIgniter->handleRequest(null, Object(Config\Cache), false)
 7 FCPATH\index.php(67): CodeIgniter\CodeIgniter->run()
 8 SYSTEMPATH\Commands\Server\rewrite.php(47): require_once('D:\\Programming\\php\\CI\\project\\first_project\\public\\index.php')
CRITICAL - 2023-06-27 15:57:40 --> Undefined variable $data
in APPPATH\Views\templates\footer.php on line 4.
 1 APPPATH\Views\templates\footer.php(4): CodeIgniter\Debug\Exceptions->errorHandler(2, 'Undefined variable $data', 'D:\\Programming\\php\\CI\\project\\first_project\\app\\Views\\templates\\footer.php', 4)
 2 SYSTEMPATH\View\View.php(224): include('D:\\Programming\\php\\CI\\project\\first_project\\app\\Views\\templates\\footer.php')
 3 SYSTEMPATH\View\View.php(227): CodeIgniter\View\View->CodeIgniter\View\{closure}()
 4 SYSTEMPATH\Common.php(1180): CodeIgniter\View\View->render('templates/footer', [], true)
 5 APPPATH\Controllers\Pages.php(23): view('templates/footer')
 6 SYSTEMPATH\CodeIgniter.php(932): App\Controllers\Pages->view('home')
 7 SYSTEMPATH\CodeIgniter.php(497): CodeIgniter\CodeIgniter->runController(Object(App\Controllers\Pages))
 8 SYSTEMPATH\CodeIgniter.php(366): CodeIgniter\CodeIgniter->handleRequest(null, Object(Config\Cache), false)
 9 FCPATH\index.php(67): CodeIgniter\CodeIgniter->run()
10 SYSTEMPATH\Commands\Server\rewrite.php(47): require_once('D:\\Programming\\php\\CI\\project\\first_project\\public\\index.php')
CRITICAL - 2023-06-27 15:57:41 --> Undefined variable $data
in APPPATH\Views\templates\footer.php on line 4.
 1 APPPATH\Views\templates\footer.php(4): CodeIgniter\Debug\Exceptions->errorHandler(2, 'Undefined variable $data', 'D:\\Programming\\php\\CI\\project\\first_project\\app\\Views\\templates\\footer.php', 4)
 2 SYSTEMPATH\View\View.php(224): include('D:\\Programming\\php\\CI\\project\\first_project\\app\\Views\\templates\\footer.php')
 3 SYSTEMPATH\View\View.php(227): CodeIgniter\View\View->CodeIgniter\View\{closure}()
 4 SYSTEMPATH\Common.php(1180): CodeIgniter\View\View->render('templates/footer', [], true)
 5 APPPATH\Controllers\Pages.php(23): view('templates/footer')
 6 SYSTEMPATH\CodeIgniter.php(932): App\Controllers\Pages->view('home')
 7 SYSTEMPATH\CodeIgniter.php(497): CodeIgniter\CodeIgniter->runController(Object(App\Controllers\Pages))
 8 SYSTEMPATH\CodeIgniter.php(366): CodeIgniter\CodeIgniter->handleRequest(null, Object(Config\Cache), false)
 9 FCPATH\index.php(67): CodeIgniter\CodeIgniter->run()
10 SYSTEMPATH\Commands\Server\rewrite.php(47): require_once('D:\\Programming\\php\\CI\\project\\first_project\\public\\index.php')
